<?xml version="1.0" encoding="UTF-8"?>
<testng-results ignored="0" total="1" passed="1" failed="0" skipped="0">
  <reporter-output>
    <line>
      <![CDATA[Emplty browser Luanch]]>
    </line>
  </reporter-output>
  <suite started-at="2025-04-06T11:21:07 IST" name="Default suite" finished-at="2025-04-06T11:21:10 IST" duration-ms="2527">
    <groups>
    </groups>
    <test started-at="2025-04-06T11:21:07 IST" name="Default test" finished-at="2025-04-06T11:21:10 IST" duration-ms="2527">
      <class name="jenkindemo.LearnJenkinTest">
        <test-method signature="launch()[pri:0, instance:jenkindemo.LearnJenkinTest@54a7079e]" started-at="2025-04-06T11:21:07 IST" name="launch" finished-at="2025-04-06T11:21:10 IST" duration-ms="2449" status="PASS">
          <reporter-output>
            <line>
              <![CDATA[Emplty browser Luanch]]>
            </line>
          </reporter-output>
        </test-method> <!-- launch -->
      </class> <!-- jenkindemo.LearnJenkinTest -->
    </test> <!-- Default test -->
  </suite> <!-- Default suite -->
</testng-results>
